[INFO] Scanning for projects...
[WARNING] 
[WARNING] Some problems were encountered while building the effective model for org.keycloak.quickstarts:app-springboot:jar:17.0.1
[WARNING] 'build.plugins.plugin.version' for org.springframework.boot:spring-boot-maven-plugin is missing. @ line 110, column 21
[WARNING] 
[WARNING] It is highly recommended to fix these problems because they threaten the stability of your build.
[WARNING] 
[WARNING] For this reason, future Maven versions might no longer support building such malformed projects.
[WARNING] 
[INFO] 
[INFO] --------------< org.keycloak.quickstarts:app-springboot >---------------
[INFO] Building Spring Boot Keycloak Sample 17.0.1
[INFO] --------------------------------[ jar ]---------------------------------
[INFO] 
[INFO] >>> spring-boot-maven-plugin:2.6.6:run (default-cli) > test-compile @ app-springboot >>>
[INFO] 
[INFO] --- maven-enforcer-plugin:1.4.1:enforce (enforce-quickstart-realm-file-exist) @ app-springboot ---
[INFO] 
[INFO] --- maven-resources-plugin:2.6:resources (default-resources) @ app-springboot ---
[WARNING] Using platform encoding (UTF-8 actually) to copy filtered resources, i.e. build is platform dependent!
[INFO] Copying 3 resources
[INFO] 
[INFO] --- maven-compiler-plugin:3.1:compile (default-compile) @ app-springboot ---
[INFO] Nothing to compile - all classes are up to date
[INFO] 
[INFO] --- maven-resources-plugin:2.6:testResources (default-testResources) @ app-springboot ---
[WARNING] Using platform encoding (UTF-8 actually) to copy filtered resources, i.e. build is platform dependent!
[INFO] Copying 2 resources
[INFO] 
[INFO] --- maven-compiler-plugin:3.1:testCompile (default-testCompile) @ app-springboot ---
[INFO] Nothing to compile - all classes are up to date
[INFO] 
[INFO] <<< spring-boot-maven-plugin:2.6.6:run (default-cli) < test-compile @ app-springboot <<<
[INFO] 
[INFO] 
[INFO] --- spring-boot-maven-plugin:2.6.6:run (default-cli) @ app-springboot ---
[INFO] Attaching agents: []

  .   ____          _            __ _ _
 /\\ / ___'_ __ _ _(_)_ __  __ _ \ \ \ \
( ( )\___ | '_ | '_| | '_ \/ _` | \ \ \ \
 \\/  ___)| |_)| | | | | || (_| |  ) ) ) )
  '  |____| .__|_| |_|_| |_\__, | / / / /
 =========|_|==============|___/=/_/_/_/
 :: Spring Boot ::        (v2.0.3.RELEASE)

2022-04-10 13:01:07.749  INFO 8348 --- [           main] o.k.q.springboot.ProductApplication      : Starting ProductApplication on ip-172-31-3-25 with PID 8348 (/home/ubuntu/keycloak-quickstarts/app-springboot/target/classes started by ubuntu in /home/ubuntu/keycloak-quickstarts/app-springboot)
2022-04-10 13:01:07.752  INFO 8348 --- [           main] o.k.q.springboot.ProductApplication      : No active profile set, falling back to default profiles: default
2022-04-10 13:01:07.793  INFO 8348 --- [           main] ConfigServletWebServerApplicationContext : Refreshing org.springframework.boot.web.servlet.context.AnnotationConfigServletWebServerApplicationContext@179ece50: startup date [Sun Apr 10 13:01:07 UTC 2022]; root of context hierarchy
WARNING: An illegal reflective access operation has occurred
WARNING: Illegal reflective access by org.springframework.cglib.core.ReflectUtils$1 (file:/home/ubuntu/.m2/repository/org/springframework/spring-core/5.0.7.RELEASE/spring-core-5.0.7.RELEASE.jar) to method java.lang.ClassLoader.defineClass(java.lang.String,byte[],int,int,java.security.ProtectionDomain)
WARNING: Please consider reporting this to the maintainers of org.springframework.cglib.core.ReflectUtils$1
WARNING: Use --illegal-access=warn to enable warnings of further illegal reflective access operations
WARNING: All illegal access operations will be denied in a future release
2022-04-10 13:01:08.841  INFO 8348 --- [           main] o.s.b.w.embedded.tomcat.TomcatWebServer  : Tomcat initialized with port(s): 8082 (http)
2022-04-10 13:01:08.870  INFO 8348 --- [           main] o.apache.catalina.core.StandardService   : Starting service [Tomcat]
2022-04-10 13:01:08.871  INFO 8348 --- [           main] org.apache.catalina.core.StandardEngine  : Starting Servlet Engine: Apache Tomcat/8.5.31
2022-04-10 13:01:08.876  INFO 8348 --- [ost-startStop-1] o.a.catalina.core.AprLifecycleListener   : The APR based Apache Tomcat Native library which allows optimal performance in production environments was not found on the java.library.path: [/usr/java/packages/lib:/usr/lib/x86_64-linux-gnu/jni:/lib/x86_64-linux-gnu:/usr/lib/x86_64-linux-gnu:/usr/lib/jni:/lib:/usr/lib]
2022-04-10 13:01:08.960  INFO 8348 --- [ost-startStop-1] o.a.c.c.C.[Tomcat].[localhost].[/]       : Initializing Spring embedded WebApplicationContext
2022-04-10 13:01:08.960  INFO 8348 --- [ost-startStop-1] o.s.web.context.ContextLoader            : Root WebApplicationContext: initialization completed in 1174 ms
2022-04-10 13:01:09.391  INFO 8348 --- [ost-startStop-1] o.s.b.w.servlet.FilterRegistrationBean   : Mapping filter: 'characterEncodingFilter' to: [/*]
2022-04-10 13:01:09.391  INFO 8348 --- [ost-startStop-1] o.s.b.w.servlet.FilterRegistrationBean   : Mapping filter: 'hiddenHttpMethodFilter' to: [/*]
2022-04-10 13:01:09.391  INFO 8348 --- [ost-startStop-1] o.s.b.w.servlet.FilterRegistrationBean   : Mapping filter: 'httpPutFormContentFilter' to: [/*]
2022-04-10 13:01:09.392  INFO 8348 --- [ost-startStop-1] o.s.b.w.servlet.FilterRegistrationBean   : Mapping filter: 'requestContextFilter' to: [/*]
2022-04-10 13:01:09.392  INFO 8348 --- [ost-startStop-1] .s.DelegatingFilterProxyRegistrationBean : Mapping filter: 'springSecurityFilterChain' to: [/*]
2022-04-10 13:01:09.392  INFO 8348 --- [ost-startStop-1] o.s.b.w.servlet.FilterRegistrationBean   : Mapping filter: 'keycloakAuthenticationProcessingFilter' to: [/*]
2022-04-10 13:01:09.393  INFO 8348 --- [ost-startStop-1] o.s.b.w.servlet.FilterRegistrationBean   : Mapping filter: 'keycloakPreAuthActionsFilter' to: [/*]
2022-04-10 13:01:09.393  INFO 8348 --- [ost-startStop-1] o.s.b.w.servlet.FilterRegistrationBean   : Mapping filter: 'keycloakSecurityContextRequestFilter' to: [/*]
2022-04-10 13:01:09.393  INFO 8348 --- [ost-startStop-1] o.s.b.w.servlet.FilterRegistrationBean   : Mapping filter: 'keycloakAuthenticatedActionsRequestFilter' to: [/*]
2022-04-10 13:01:09.393  INFO 8348 --- [ost-startStop-1] o.s.b.w.servlet.ServletRegistrationBean  : Servlet dispatcherServlet mapped to [/]
2022-04-10 13:01:09.402  INFO 8348 --- [ost-startStop-1] o.k.q.springboot.ProductApplication      : ServletContext initialized
2022-04-10 13:01:09.564  INFO 8348 --- [           main] o.s.s.web.DefaultSecurityFilterChain     : Creating filter chain: org.springframework.security.web.util.matcher.AnyRequestMatcher@1, [org.springframework.security.web.context.request.async.WebAsyncManagerIntegrationFilter@7a1f45ed, org.springframework.security.web.context.SecurityContextPersistenceFilter@7b78ed6a, org.springframework.security.web.header.HeaderWriterFilter@3b2f4a93, org.springframework.security.web.csrf.CsrfFilter@7c9bdee9, org.keycloak.adapters.springsecurity.filter.KeycloakPreAuthActionsFilter@62675393, org.keycloak.adapters.springsecurity.filter.KeycloakAuthenticationProcessingFilter@32f6d639, org.springframework.security.web.authentication.logout.LogoutFilter@4417af13, org.springframework.security.web.savedrequest.RequestCacheAwareFilter@7bebcd65, org.springframework.security.web.servletapi.SecurityContextHolderAwareRequestFilter@2ff15f8c, org.keycloak.adapters.springsecurity.filter.KeycloakSecurityContextRequestFilter@1ab6d2fe, org.keycloak.adapters.springsecurity.filter.KeycloakAuthenticatedActionsFilter@3799d8d9, org.springframework.security.web.authentication.AnonymousAuthenticationFilter@1744a475, org.springframework.security.web.session.SessionManagementFilter@470a659f, org.springframework.security.web.access.ExceptionTranslationFilter@3d49fd31, org.springframework.security.web.access.intercept.FilterSecurityInterceptor@4afd21c6]
2022-04-10 13:01:09.628  INFO 8348 --- [           main] o.s.w.s.handler.SimpleUrlHandlerMapping  : Mapped URL path [/**/favicon.ico] onto handler of type [class org.springframework.web.servlet.resource.ResourceHttpRequestHandler]
2022-04-10 13:01:09.747  INFO 8348 --- [           main] s.w.s.m.m.a.RequestMappingHandlerAdapter : Looking for @ControllerAdvice: org.springframework.boot.web.servlet.context.AnnotationConfigServletWebServerApplicationContext@179ece50: startup date [Sun Apr 10 13:01:07 UTC 2022]; root of context hierarchy
2022-04-10 13:01:09.786  INFO 8348 --- [           main] s.w.s.m.m.a.RequestMappingHandlerMapping : Mapped "{[/products],methods=[GET]}" onto public java.lang.String org.keycloak.quickstart.springboot.web.ProductController.handleCustomersRequest(java.security.Principal,org.springframework.ui.Model)
2022-04-10 13:01:09.787  INFO 8348 --- [           main] s.w.s.m.m.a.RequestMappingHandlerMapping : Mapped "{[/logout],methods=[GET]}" onto public java.lang.String org.keycloak.quickstart.springboot.web.ProductController.handleLogoutt() throws javax.servlet.ServletException
2022-04-10 13:01:09.787  INFO 8348 --- [           main] s.w.s.m.m.a.RequestMappingHandlerMapping : Mapped "{[/],methods=[GET]}" onto public java.lang.String org.keycloak.quickstart.springboot.web.ProductController.landing() throws javax.servlet.ServletException
2022-04-10 13:01:09.790  INFO 8348 --- [           main] s.w.s.m.m.a.RequestMappingHandlerMapping : Mapped "{[/error]}" onto public org.springframework.http.ResponseEntity<java.util.Map<java.lang.String, java.lang.Object>> org.springframework.boot.autoconfigure.web.servlet.error.BasicErrorController.error(javax.servlet.http.HttpServletRequest)
2022-04-10 13:01:09.791  INFO 8348 --- [           main] s.w.s.m.m.a.RequestMappingHandlerMapping : Mapped "{[/error],produces=[text/html]}" onto public org.springframework.web.servlet.ModelAndView org.springframework.boot.autoconfigure.web.servlet.error.BasicErrorController.errorHtml(javax.servlet.http.HttpServletRequest,javax.servlet.http.HttpServletResponse)
2022-04-10 13:01:09.809  INFO 8348 --- [           main] o.s.w.s.handler.SimpleUrlHandlerMapping  : Mapped URL path [/webjars/**] onto handler of type [class org.springframework.web.servlet.resource.ResourceHttpRequestHandler]
2022-04-10 13:01:09.809  INFO 8348 --- [           main] o.s.w.s.handler.SimpleUrlHandlerMapping  : Mapped URL path [/**] onto handler of type [class org.springframework.web.servlet.resource.ResourceHttpRequestHandler]
2022-04-10 13:01:09.909  INFO 8348 --- [           main] o.s.w.s.v.f.FreeMarkerConfigurer         : ClassTemplateLoader for Spring macros added to FreeMarker configuration
2022-04-10 13:01:10.004  INFO 8348 --- [           main] o.s.j.e.a.AnnotationMBeanExporter        : Registering beans for JMX exposure on startup
2022-04-10 13:01:10.034  INFO 8348 --- [           main] o.s.b.w.embedded.tomcat.TomcatWebServer  : Tomcat started on port(s): 8082 (http) with context path ''
2022-04-10 13:01:10.038  INFO 8348 --- [           main] o.k.q.springboot.ProductApplication      : Started ProductApplication in 2.723 seconds (JVM running for 3.064)
2022-04-10 13:02:04.963  INFO 8348 --- [nio-8082-exec-1] o.a.c.c.C.[Tomcat].[localhost].[/]       : Initializing Spring FrameworkServlet 'dispatcherServlet'
2022-04-10 13:02:04.963  INFO 8348 --- [nio-8082-exec-1] o.s.web.servlet.DispatcherServlet        : FrameworkServlet 'dispatcherServlet': initialization started
2022-04-10 13:02:04.973  INFO 8348 --- [nio-8082-exec-1] o.s.web.servlet.DispatcherServlet        : FrameworkServlet 'dispatcherServlet': initialization completed in 10 ms
2022-04-10 13:02:34.584  INFO 8348 --- [nio-8082-exec-5] o.keycloak.adapters.KeycloakDeployment   : Loaded URLs from http://auth.modeldriven.io:8180/auth/realms/springboot-quickstart/.well-known/openid-configuration
2022-04-10 14:52:41.024  INFO 8348 --- [       Thread-2] ConfigServletWebServerApplicationContext : Closing org.springframework.boot.web.servlet.context.AnnotationConfigServletWebServerApplicationContext@179ece50: startup date [Sun Apr 10 13:01:07 UTC 2022]; root of context hierarchy
2022-04-10 14:52:41.026  INFO 8348 --- [       Thread-2] o.s.j.e.a.AnnotationMBeanExporter        : Unregistering JMX-exposed beans on shutdown
2022-04-10 14:52:41.084  INFO 8348 --- [ost-startStop-2] o.k.q.springboot.ProductApplication      : ServletContext destroyed
[INFO] ------------------------------------------------------------------------
[INFO] BUILD FAILURE
[INFO] ------------------------------------------------------------------------
[INFO] Total time:  01:51 h
[INFO] Finished at: 2022-04-10T14:52:41Z
[INFO] ------------------------------------------------------------------------
[ERROR] Failed to execute goal org.springframework.boot:spring-boot-maven-plugin:2.6.6:run (default-cli) on project app-springboot: Application finished with exit code: 143 -> [Help 1]
[ERROR] 
[ERROR] To see the full stack trace of the errors, re-run Maven with the -e switch.
[ERROR] Re-run Maven using the -X switch to enable full debug logging.
[ERROR] 
[ERROR] For more information about the errors and possible solutions, please read the following articles:
[ERROR] [Help 1] http://cwiki.apache.org/confluence/display/MAVEN/MojoExecutionException
